<?xml version="1.0" encoding="UTF-8"?>
<!-- Generated by org.testng.reporters.JUnitXMLReporter -->
<testsuite ignored="0" hostname="Krishas-MacBook-Pro.local" failures="0" tests="3" name="API Tests" time="6.229" errors="0" timestamp="2024-08-22T01:34:11 NZST">
  <testcase classname="com.demoqa.apitests.UserRegistrationApiTests" name="registerUserFailureTest" time="2.581"/>
  <testcase classname="com.demoqa.apitests.UserRegistrationApiTests" name="registerUserSuccessTest" time="1.573"/>
  <testcase classname="com.demoqa.apitests.BookStoreApiTests" name="getBooksTest" time="1.38"/>
</testsuite> <!-- API Tests -->
