<?xml version="1.0" encoding="UTF-8"?>
<!-- Generated by org.testng.reporters.JUnitXMLReporter -->
<testsuite ignored="0" hostname="Krishas-MacBook-Pro.local" failures="0" tests="3" name="UI Tests" time="75.068" errors="0" timestamp="2024-08-22T01:34:04 NZST">
  <testcase classname="com.demoqa.uitests.LoginTests" name="validLoginTest" time="4.44"/>
  <testcase classname="com.demoqa.uitests.LoginTests" name="invalidLoginTest" time="4.353"/>
  <testcase classname="com.demoqa.uitests.BookStoreTests" name="searchBookTest" time="2.365"/>
</testsuite> <!-- UI Tests -->
